<?xml version="1.0" encoding="UTF-8"?>
<!-- Generated by org.testng.reporters.JUnitXMLReporter -->
<testsuite hostname="INBLRWIT247622" name="TestingPackage_testngtutorials" tests="27" failures="1" timestamp="26 Aug 2021 16:05:30 GMT" time="0.183" errors="0">
  <testcase name="ball" time="0.009" classname="com.volvo.testngtutorials.Testng_Ex3"/>
  <testcase name="checkout" time="0.002" classname="com.volvo.testngtutorials.Testng_Ex1"/>
  <testcase name="login" time="0.002" classname="com.volvo.testngtutorials.Testng_Ex1"/>
  <testcase name="selectItem" time="0.003" classname="com.volvo.testngtutorials.Testng_Ex1"/>
  <testcase name="test5" time="0.002" classname="com.volvo.testngtutorials.Testng_Ex4_Annotations"/>
  <testcase name="selectItem" time="0.006" classname="com.volvo.testngtutorials.Testng_Ex3"/>
  <testcase name="test1" time="0.009" classname="com.volvo.testngtutorials.Testng_Ex7_Exceptions"/>
  <testcase name="loginTest" time="0.002" classname="com.volvo.testngtutorials.Testng_Ex5">
    <failure type="java.lang.ArithmeticException" message="/ by zero">
      <![CDATA[java.lang.ArithmeticException: / by zero
	at com.volvo.testngtutorials.Testng_Ex5.loginTest(Testng_Ex5.java:11)
... Removed 25 stack frames]]>
    </failure>
  </testcase> <!-- loginTest -->
  <testcase name="loginTest" time="0.002" classname="com.volvo.testngtutorials.Testng_Ex6_InvocationCount"/>
  <testcase name="sum" time="0.002" classname="com.volvo.testngtutorials.Testng_Ex6_InvocationCount"/>
  <testcase name="sum" time="0.002" classname="com.volvo.testngtutorials.Testng_Ex6_InvocationCount"/>
  <testcase name="sum" time="0.002" classname="com.volvo.testngtutorials.Testng_Ex6_InvocationCount"/>
  <testcase name="sum" time="0.005" classname="com.volvo.testngtutorials.Testng_Ex6_InvocationCount"/>
  <testcase name="sum" time="0.002" classname="com.volvo.testngtutorials.Testng_Ex6_InvocationCount"/>
  <testcase name="sum" time="0.001" classname="com.volvo.testngtutorials.Testng_Ex6_InvocationCount"/>
  <testcase name="sum" time="0.001" classname="com.volvo.testngtutorials.Testng_Ex6_InvocationCount"/>
  <testcase name="sum" time="0.002" classname="com.volvo.testngtutorials.Testng_Ex6_InvocationCount"/>
  <testcase name="sum" time="0.002" classname="com.volvo.testngtutorials.Testng_Ex6_InvocationCount"/>
  <testcase name="sum" time="0.002" classname="com.volvo.testngtutorials.Testng_Ex6_InvocationCount"/>
  <testcase name="SearchPageTest" time="0.0" classname="com.volvo.testngtutorials.Testng_Ex5">
    <skipped/>
  </testcase> <!-- SearchPageTest -->
  <testcase name="homePageTest" time="0.0" classname="com.volvo.testngtutorials.Testng_Ex5">
    <skipped/>
  </testcase> <!-- homePageTest -->
  <testcase name="registerPageTest" time="0.0" classname="com.volvo.testngtutorials.Testng_Ex5">
    <skipped/>
  </testcase> <!-- registerPageTest -->
  <testcase name="login" time="0.002" classname="com.volvo.testngtutorials.Testng_Ex2"/>
  <testcase name="login" time="0.001" classname="com.volvo.testngtutorials.Testng_Ex3"/>
  <testcase name="selectItem" time="0.001" classname="com.volvo.testngtutorials.Testng_Ex2"/>
  <testcase name="checkout" time="0.004" classname="com.volvo.testngtutorials.Testng_Ex3"/>
  <testcase name="checkout" time="0.002" classname="com.volvo.testngtutorials.Testng_Ex2"/>
</testsuite> <!-- TestingPackage_testngtutorials -->
