<?xml version="1.0" encoding="UTF-8"?>
<testng-results skipped="0" failed="0" total="1" passed="1">
  <reporter-output>
  </reporter-output>
  <suite name="Default suite" duration-ms="57093" started-at="2022-04-14T12:44:12Z" finished-at="2022-04-14T12:45:09Z">
    <groups>
    </groups>
    <test name="Default test" duration-ms="57093" started-at="2022-04-14T12:44:12Z" finished-at="2022-04-14T12:45:09Z">
      <class name="com.volvo.seleniumconcepts.HandleAlerts">
        <test-method status="PASS" signature="testAlertConcept()[pri:0, instance:com.volvo.seleniumconcepts.HandleAlerts@42d80b78]" name="testAlertConcept" duration-ms="57042" started-at="2022-04-14T18:14:12Z" finished-at="2022-04-14T18:15:09Z">
          <reporter-output>
          </reporter-output>
        </test-method> <!-- testAlertConcept -->
      </class> <!-- com.volvo.seleniumconcepts.HandleAlerts -->
    </test> <!-- Default test -->
  </suite> <!-- Default suite -->
</testng-results>
